2019-10-17 09:59:59 monitor-adapter-CD.py [INFO]: test 
2019-10-17 09:59:59 monitor-adapter-CD.py [ERROR]: test2 
2019-10-17 10:16:09 monitor-adapter-CD.py [INFO]: test 
2019-10-17 10:16:09 monitor-adapter-CD.py [ERROR]: test2 
2019-10-17 10:16:09 monitor-adapter-CD.py [INFO]: get : https://symphony.nie.netease.com/api/v2/tags?namespace=whale&reponame=monitor-adapter 
2019-10-17 10:16:22 monitor-adapter-CD.py [INFO]: test 
2019-10-17 10:16:22 monitor-adapter-CD.py [ERROR]: test2 
2019-10-17 10:16:23 monitor-adapter-CD.py [INFO]: get : https://symphony.nie.netease.com/api/v2/tags?namespace=whale&reponame=monitor-adapter 
2019-10-17 10:17:23 monitor-adapter-CD.py [INFO]: test 
2019-10-17 10:17:23 monitor-adapter-CD.py [ERROR]: test2 
2019-10-17 10:17:24 monitor-adapter-CD.py [INFO]: get : https://symphony.nie.netease.com/api/v2/tags?namespace=whale&reponame=monitor-adapter 
2019-10-17 10:19:29 monitor-adapter-CD.py [INFO]: test 
2019-10-17 10:19:29 monitor-adapter-CD.py [ERROR]: test2 
2019-10-17 10:19:29 monitor-adapter-CD.py [INFO]: get : https://symphony.nie.netease.com/api/v2/tags?namespace=whale&reponame=monitor-adapter 
2019-10-17 10:19:29 monitor-adapter-CD.py [INFO]: SUCCESS. Response: 
2019-10-17 10:20:12 monitor-adapter-CD.py [INFO]: test 
2019-10-17 10:20:12 monitor-adapter-CD.py [ERROR]: test2 
2019-10-17 10:20:13 monitor-adapter-CD.py [INFO]: get : https://symphony.nie.netease.com/api/v2/tags?namespace=whale&reponame=monitor-adapter 
2019-10-17 10:20:13 monitor-adapter-CD.py [INFO]: SUCCESS. Response: 
2019-10-17 10:22:21 monitor-adapter-CD.py [INFO]: test 
2019-10-17 10:22:21 monitor-adapter-CD.py [ERROR]: test2 
2019-10-17 10:22:21 monitor-adapter-CD.py [INFO]: get : https://symphony.nie.netease.com/api/v2/tags?namespace=whale&reponame=monitor-adapter 
2019-10-17 10:22:21 monitor-adapter-CD.py [INFO]: SUCCESS. Response: 
2019-10-17 10:22:22 monitor-adapter-CD.py [INFO]: get : https://symphony.nie.netease.com/api/v2/tags?namespace=whale&reponame=monitor-adapter 
2019-10-17 10:22:22 monitor-adapter-CD.py [INFO]: SUCCESS. Response: 
2019-10-17 10:22:22 monitor-adapter-CD.py [INFO]: get : https://symphony.nie.netease.com/api/v2/tags?namespace=whale&reponame=monitor-adapter 
2019-10-17 10:22:22 monitor-adapter-CD.py [INFO]: SUCCESS. Response: 
2019-10-17 10:24:45 monitor-adapter-CD.py [INFO]: test 
2019-10-17 10:24:45 monitor-adapter-CD.py [ERROR]: test2 
2019-10-17 10:24:45 monitor-adapter-CD.py [INFO]: get : https://symphony.nie.netease.com/api/v2/tags?namespace=whale&reponame=monitor-adapter 
2019-10-17 10:24:45 monitor-adapter-CD.py [INFO]: SUCCESS. Response: 
2019-10-17 10:24:45 monitor-adapter-CD.py [INFO]: get : https://symphony.nie.netease.com/api/v2/tags?namespace=whale&reponame=monitor-adapter 
2019-10-17 10:24:45 monitor-adapter-CD.py [INFO]: SUCCESS. Response: 
2019-10-17 10:24:46 monitor-adapter-CD.py [INFO]: get : https://symphony.nie.netease.com/api/v2/tags?namespace=whale&reponame=monitor-adapter 
2019-10-17 10:24:46 monitor-adapter-CD.py [INFO]: SUCCESS. Response: 
2019-10-17 10:26:49 monitor-adapter-CD.py [INFO]: test 
2019-10-17 10:26:49 monitor-adapter-CD.py [ERROR]: test2 
2019-10-17 10:26:49 monitor-adapter-CD.py [INFO]: get : https://symphony.nie.netease.com/api/v2/tags?namespace=whale&reponame=monitor-adapter 
2019-10-17 10:26:49 monitor-adapter-CD.py [INFO]: SUCCESS. Response: 
2019-10-17 10:34:30 monitor-adapter-CD.py [INFO]: test 
2019-10-17 10:34:30 monitor-adapter-CD.py [ERROR]: test2 
2019-10-17 10:34:30 monitor-adapter-CD.py [INFO]: get : https://symphony.nie.netease.com/api/v2/tags?namespace=whale&reponame=monitor-adapter 
2019-10-17 10:34:30 monitor-adapter-CD.py [INFO]: SUCCESS. Response: 
2019-10-17 10:34:38 monitor-adapter-CD.py [INFO]: test 
2019-10-17 10:34:38 monitor-adapter-CD.py [ERROR]: test2 
2019-10-17 10:34:39 monitor-adapter-CD.py [INFO]: get : https://symphony.nie.netease.com/api/v2/tags?namespace=whale&reponame=monitor-adapter 
2019-10-17 10:34:39 monitor-adapter-CD.py [INFO]: SUCCESS. Response: 
2019-10-17 10:35:20 monitor-adapter-CD.py [INFO]: test 
2019-10-17 10:35:20 monitor-adapter-CD.py [ERROR]: test2 
2019-10-17 10:35:20 monitor-adapter-CD.py [INFO]: get : https://symphony.nie.netease.com/api/v2/tags?namespace=whale&reponame=monitor-adapter 
2019-10-17 10:35:20 monitor-adapter-CD.py [INFO]: SUCCESS. Response: 
2019-10-17 10:35:38 monitor-adapter-CD.py [INFO]: test 
2019-10-17 10:35:38 monitor-adapter-CD.py [ERROR]: test2 
2019-10-17 10:35:38 monitor-adapter-CD.py [INFO]: get : https://symphony.nie.netease.com/api/v2/tags?namespace=whale&reponame=monitor-adapter 
2019-10-17 10:35:38 monitor-adapter-CD.py [INFO]: SUCCESS. Response: 
2019-10-17 10:36:02 monitor-adapter-CD.py [INFO]: test 
2019-10-17 10:36:02 monitor-adapter-CD.py [ERROR]: test2 
2019-10-17 10:36:03 monitor-adapter-CD.py [INFO]: get : https://symphony.nie.netease.com/api/v2/tags?namespace=whale&reponame=monitor-adapter 
2019-10-17 10:36:03 monitor-adapter-CD.py [INFO]: SUCCESS. Response: 
2019-10-17 10:36:21 monitor-adapter-CD.py [INFO]: test 
2019-10-17 10:36:21 monitor-adapter-CD.py [ERROR]: test2 
2019-10-17 10:36:21 monitor-adapter-CD.py [INFO]: get : https://symphony.nie.netease.com/api/v2/tags?namespace=whale&reponame=monitor-adapter 
2019-10-17 10:36:21 monitor-adapter-CD.py [INFO]: SUCCESS. Response: 
2019-10-22 11:26:24 /Users/netease/Documents/git/git-201808-newbie-xianwei01/python/work/monitor-adapter-CD.py [ERROR]: Usage: python update_repo.py -r <xxxxxx> 
2019-10-22 11:26:47 monitor-adapter-CD.py [INFO]: get : https://symphony.nie.netease.com/api/v2/tags?namespace=whale&reponame=monitor-adapter 
2019-10-22 11:26:47 monitor-adapter-CD.py [INFO]: SUCCESS. Response: 
2019-10-22 11:26:47 monitor-adapter-CD.py [INFO]: ('https://symphony.nie.netease.com/api/v2/tags?namespace=whale&reponame=monitor-adapter', '/home/cld/conf/custom-metrics-apiserver-deployment.yaml', '/tmp/monitor-adapter_tags.txt') 
2019-10-23 20:10:31 monitor-adapter-CD.py [ERROR]: pls check config_file whether exist! 
2019-10-23 20:27:04 monitor-adapter-CD.py [INFO]: get : https://symphony.nie.netease.com/api/v2/tags?namespace=whale&reponame=monitor-adapter 
2019-10-23 20:27:04 monitor-adapter-CD.py [INFO]: SUCCESS. Response: 
2019-10-23 20:28:52 monitor-adapter-CD.py [INFO]: get : https://symphony.nie.netease.com/api/v2/tags?namespace=whale&reponame=monitor-adapter 
2019-10-23 20:28:52 monitor-adapter-CD.py [INFO]: SUCCESS. Response: 
2019-10-23 20:28:52 monitor-adapter-CD.py [INFO]: {'tags': ['v_jenkins_test01', 'master', 'latest', 'jenkinstest_v0.3', 'jenkinstest_v0.2', 'jenkins_test', 'jenkins_ci_test04', 'jenkins_ci_test03', 'jenkins_ci_test02', '20191017_test_60', '20191017_test_31_179', '20191017_release', '20191016_test_30_179', '20191016_test_29_179', '20191014_test_28_179', '20191012_test_27_179', '20190927_test_26_179', '20190919_test_25_1124', '20190919_test_21_1124', '20190830_test_20_179', '20190828_test_19_179', '20190828_test_19_1124', '20190828_test_18', '20190827_test_17', '20190823_test_16', '20190822_test_15', '20190821_test_14', '20190814_test_13', '20190814_test_12', '20190814_test_11', '20190814_test_10', '20190806_test_09', '20190806_test_08', '20190806_test_07', '20190806_test_06', '20190806_test_05', '20190806_test_04', '20190806_test_03', '20190806_test_02', '20190806_test_01']} 
2019-10-23 20:28:52 monitor-adapter-CD.py [INFO]: ('https://symphony.nie.netease.com/api/v2/tags?namespace=whale&reponame=monitor-adapter', '/home/cld/conf/custom-metrics-apiserver-deployment.yaml', 'monitor-adapter_tag_numbers.txt') 
