2019-06-22 17:59:58 /Users/netease/Documents/git/git-201808-newbie-xianwei01/python/hema_python/自定义列表.py [INFO]: test 
2019-06-22 17:59:58 /Users/netease/Documents/git/git-201808-newbie-xianwei01/python/hema_python/自定义列表.py [ERROR]: test2 
2019-06-22 18:32:22 /Users/netease/Documents/git/git-201808-newbie-xianwei01/python/hema_python/自定义列表.py [INFO]: test 
2019-06-22 18:32:22 /Users/netease/Documents/git/git-201808-newbie-xianwei01/python/hema_python/自定义列表.py [ERROR]: test2 
2019-06-22 18:32:42 /Users/netease/Documents/git/git-201808-newbie-xianwei01/python/hema_python/自定义列表.py [INFO]: test 
2019-06-22 18:32:42 /Users/netease/Documents/git/git-201808-newbie-xianwei01/python/hema_python/自定义列表.py [ERROR]: test2 
2019-06-22 18:32:42 /Users/netease/Documents/git/git-201808-newbie-xianwei01/python/hema_python/自定义列表.py [INFO]: i 
2019-06-22 18:32:42 /Users/netease/Documents/git/git-201808-newbie-xianwei01/python/hema_python/自定义列表.py [INFO]: i 
2019-06-22 18:32:42 /Users/netease/Documents/git/git-201808-newbie-xianwei01/python/hema_python/自定义列表.py [INFO]: i 
2019-06-22 18:32:53 /Users/netease/Documents/git/git-201808-newbie-xianwei01/python/hema_python/自定义列表.py [INFO]: test 
2019-06-22 18:32:53 /Users/netease/Documents/git/git-201808-newbie-xianwei01/python/hema_python/自定义列表.py [ERROR]: test2 
2019-06-22 18:32:53 /Users/netease/Documents/git/git-201808-newbie-xianwei01/python/hema_python/自定义列表.py [INFO]: None 
2019-06-22 18:32:53 /Users/netease/Documents/git/git-201808-newbie-xianwei01/python/hema_python/自定义列表.py [INFO]: None 
2019-06-22 18:32:53 /Users/netease/Documents/git/git-201808-newbie-xianwei01/python/hema_python/自定义列表.py [INFO]: None 
2019-06-22 18:33:28 /Users/netease/Documents/git/git-201808-newbie-xianwei01/python/hema_python/自定义列表.py [INFO]: test 
2019-06-22 18:33:28 /Users/netease/Documents/git/git-201808-newbie-xianwei01/python/hema_python/自定义列表.py [ERROR]: test2 
2019-06-22 18:33:28 /Users/netease/Documents/git/git-201808-newbie-xianwei01/python/hema_python/自定义列表.py [INFO]: zhangsan 
2019-06-22 18:33:28 /Users/netease/Documents/git/git-201808-newbie-xianwei01/python/hema_python/自定义列表.py [INFO]: lishi 
2019-06-22 18:33:28 /Users/netease/Documents/git/git-201808-newbie-xianwei01/python/hema_python/自定义列表.py [INFO]: wangwu 
2019-06-22 18:33:28 /Users/netease/Documents/git/git-201808-newbie-xianwei01/python/hema_python/自定义列表.py [INFO]: zhangsan 
2019-06-22 18:33:28 /Users/netease/Documents/git/git-201808-newbie-xianwei01/python/hema_python/自定义列表.py [INFO]: None 
2019-06-22 18:33:28 /Users/netease/Documents/git/git-201808-newbie-xianwei01/python/hema_python/自定义列表.py [INFO]: lishi 
2019-06-22 18:33:28 /Users/netease/Documents/git/git-201808-newbie-xianwei01/python/hema_python/自定义列表.py [INFO]: None 
2019-06-22 18:33:28 /Users/netease/Documents/git/git-201808-newbie-xianwei01/python/hema_python/自定义列表.py [INFO]: wangwu 
2019-06-22 18:33:28 /Users/netease/Documents/git/git-201808-newbie-xianwei01/python/hema_python/自定义列表.py [INFO]: None 
2019-06-22 18:33:49 /Users/netease/Documents/git/git-201808-newbie-xianwei01/python/hema_python/自定义列表.py [INFO]: test 
2019-06-22 18:33:49 /Users/netease/Documents/git/git-201808-newbie-xianwei01/python/hema_python/自定义列表.py [ERROR]: test2 
